Using pre-set license
Built from '2020.3/staging' branch; Version is '2020.3.11f1 (99c7afb366b3) revision 10078127'; Using compiler version '192528614'; Build Type 'Release'
OS: 'Windows 10 Education; OS build 19042.1052; Version 2009; 64bit' Language: 'ru' Physical Memory: 7549 MB
BatchMode: 1, IsHumanControllingUs: 0, StartBugReporterOnCrash: 0, Is64bit: 1, IsPro: 0

 COMMAND LINE ARGUMENTS:
C:\Program Files\unity\2020.3.11f1\Editor\Unity.exe
-adb2
-batchMode
-noUpm
-name
AssetImportWorker0
-projectPath
E:/unityproject/New Unity Project (1)
-logFile
Logs/AssetImportWorker0.log
-srvPort
59939
Successfully changed project path to: E:/unityproject/New Unity Project (1)
E:/unityproject/New Unity Project (1)
Using Asset Import Pipeline V2.
Refreshing native plugins compatible for Editor in 28.62 ms, found 2 plugins.
Preloading 0 native plugins for Editor in 0.00 ms.
Initialize engine version: 2020.3.11f1 (99c7afb366b3)
[Subsystems] Discovering subsystems at path C:/Program Files/unity/2020.3.11f1/Editor/Data/Resources/UnitySubsystems
[Subsystems] Discovering subsystems at path E:/unityproject/New Unity Project (1)/Assets
GfxDevice: creating device client; threaded=0
Direct3D:
    Version:  Direct3D 11.0 [level 11.1]
    Renderer: NVIDIA GeForce GTX 1650 Ti (ID=0x1f95)
    Vendor:   
    VRAM:     3962 MB
    Driver:   30.0.14.7111
Initialize mono
Mono path[0] = 'C:/Program Files/unity/2020.3.11f1/Editor/Data/Managed'
Mono path[1] = 'C:/Program Files/unity/2020.3.11f1/Editor/Data/MonoBleedingEdge/lib/mono/unityjit'
Mono config path = 'C:/Program Files/unity/2020.3.11f1/Editor/Data/MonoBleedingEdge/etc'
Using monoOptions --debugger-agent=transport=dt_socket,embedding=1,server=y,suspend=n,address=127.0.0.1:56588
Begin MonoManager ReloadAssembly
Registering precompiled unity dll's ...
Register platform support module: C:/Program Files/unity/2020.3.11f1/Editor/Data/PlaybackEngines/WindowsStandaloneSupport/UnityEditor.WindowsStandalone.Extensions.dll
Registered in 0.001782 seconds.
Native extension for WindowsStandalone target not found
Refreshing native plugins compatible for Editor in 29.45 ms, found 2 plugins.
Preloading 0 native plugins for Editor in 0.00 ms.
Mono: successfully reloaded assembly
- Completed reload, in  1.620 seconds
Platform modules already initialized, skipping
Registering precompiled user dll's ...
Registered in 0.002620 seconds.
Begin MonoManager ReloadAssembly
Native extension for WindowsStandalone target not found
Refreshing native plugins compatible for Editor in 0.32 ms, found 2 plugins.
Preloading 0 native plugins for Editor in 0.00 ms.
Mono: successfully reloaded assembly
- Completed reload, in  0.975 seconds
Platform modules already initialized, skipping
========================================================================
Worker process is ready to serve import requests
Launched and connected shader compiler UnityShaderCompiler.exe after 0.05 seconds
Refreshing native plugins compatible for Editor in 0.58 ms, found 2 plugins.
Preloading 0 native plugins for Editor in 0.00 ms.
Unloading 1425 Unused Serialized files (Serialized files now loaded: 0)
System memory in use before: 144.2 MB.
System memory in use after: 144.3 MB.

Unloading 19 unused Assets to reduce memory usage. Loaded Objects now: 1878.
Total: 2.386400 ms (FindLiveObjects: 0.300800 ms CreateObjectMapping: 0.044100 ms MarkObjects: 1.904100 ms  DeleteObjects: 0.132100 ms)

========================================================================
Received Import Request.
  path: Assets/scripts/PlayerMoveMouse.cs
  artifactKey: Guid(de1187cdea2c2264cb08ad2fe0e361c7) Importer(815301076,1909f56bfc062723c751e8b465ee728b)
Start importing Assets/scripts/PlayerMoveMouse.cs using Guid(de1187cdea2c2264cb08ad2fe0e361c7) Importer(815301076,1909f56bfc062723c751e8b465ee728b)  -> (artifact id: 'd6050d5bc4f04be98c0cb046a6143177') in 0.026432 seconds
  Import took 0.028898 seconds .

========================================================================
Received Import Request.
  Time since last request: 0.760244 seconds.
  path: Assets/scripts/ParticleControl.cs
  artifactKey: Guid(c41da8ad73c36894aadaa277d0a37024) Importer(815301076,1909f56bfc062723c751e8b465ee728b)
Start importing Assets/scripts/ParticleControl.cs using Guid(c41da8ad73c36894aadaa277d0a37024) Importer(815301076,1909f56bfc062723c751e8b465ee728b)  -> (artifact id: '9c49fff3df7839ca79b6f7760b0776db') in 0.008343 seconds
  Import took 0.010997 seconds .

========================================================================
Received Import Request.
  Time since last request: 0.024062 seconds.
  path: Assets/scripts/ParticleControl.cs
  artifactKey: Guid(c41da8ad73c36894aadaa277d0a37024) Importer(815301076,1909f56bfc062723c751e8b465ee728b)
Start importing Assets/scripts/ParticleControl.cs using Guid(c41da8ad73c36894aadaa277d0a37024) Importer(815301076,1909f56bfc062723c751e8b465ee728b)  -> (artifact id: '9c49fff3df7839ca79b6f7760b0776db') in 0.002727 seconds
  Import took 0.005424 seconds .

========================================================================
Received Import Request.
  Time since last request: 212.116253 seconds.
  path: Assets/scripts/AnimationController.cs
  artifactKey: Guid(7718cf36f2e03df49aa515e652061880) Importer(815301076,1909f56bfc062723c751e8b465ee728b)
Start importing Assets/scripts/AnimationController.cs using Guid(7718cf36f2e03df49aa515e652061880) Importer(815301076,1909f56bfc062723c751e8b465ee728b)  -> (artifact id: 'c13fe8019ccb90e11e6cde639ffd8133') in 0.034640 seconds
  Import took 0.055820 seconds .

========================================================================
Received Import Request.
  Time since last request: 12.763651 seconds.
  path: Assets/scripts/AnimationController.cs
  artifactKey: Guid(7718cf36f2e03df49aa515e652061880) Importer(815301076,1909f56bfc062723c751e8b465ee728b)
Start importing Assets/scripts/AnimationController.cs using Guid(7718cf36f2e03df49aa515e652061880) Importer(815301076,1909f56bfc062723c751e8b465ee728b)  -> (artifact id: '2b812bb3100e14445486942eb9ffc1f5') in 0.003123 seconds
  Import took 0.045860 seconds .

========================================================================
Received Import Request.
  Time since last request: 40.543271 seconds.
  path: Assets/scripts/AnimationController.cs
  artifactKey: Guid(7718cf36f2e03df49aa515e652061880) Importer(815301076,1909f56bfc062723c751e8b465ee728b)
Start importing Assets/scripts/AnimationController.cs using Guid(7718cf36f2e03df49aa515e652061880) Importer(815301076,1909f56bfc062723c751e8b465ee728b)  -> (artifact id: '702a192c01b3ddb80402e7205b2263f0') in 0.003557 seconds
  Import took 0.064598 seconds .

========================================================================
Received Prepare
Registering precompiled user dll's ...
Registered in 0.002140 seconds.
Begin MonoManager ReloadAssembly
Native extension for WindowsStandalone target not found
Refreshing native plugins compatible for Editor in 0.35 ms, found 2 plugins.
Preloading 0 native plugins for Editor in 0.00 ms.
Mono: successfully reloaded assembly
- Completed reload, in  0.921 seconds
Platform modules already initialized, skipping
Refreshing native plugins compatible for Editor in 0.38 ms, found 2 plugins.
Preloading 0 native plugins for Editor in 0.00 ms.
Unloading 1419 Unused Serialized files (Serialized files now loaded: 0)
System memory in use before: 144.1 MB.
System memory in use after: 144.1 MB.

Unloading 14 unused Assets to reduce memory usage. Loaded Objects now: 1881.
Total: 2.831600 ms (FindLiveObjects: 0.305000 ms CreateObjectMapping: 0.075100 ms MarkObjects: 2.361300 ms  DeleteObjects: 0.087900 ms)

========================================================================
Received Prepare
Registering precompiled user dll's ...
Registered in 0.002275 seconds.
Begin MonoManager ReloadAssembly
Native extension for WindowsStandalone target not found
Refreshing native plugins compatible for Editor in 0.35 ms, found 2 plugins.
Preloading 0 native plugins for Editor in 0.00 ms.
Mono: successfully reloaded assembly
- Completed reload, in  0.894 seconds
Platform modules already initialized, skipping
Refreshing native plugins compatible for Editor in 0.35 ms, found 2 plugins.
Preloading 0 native plugins for Editor in 0.00 ms.
Unloading 1419 Unused Serialized files (Serialized files now loaded: 0)
System memory in use before: 144.1 MB.
System memory in use after: 144.2 MB.

Unloading 14 unused Assets to reduce memory usage. Loaded Objects now: 1884.
Total: 2.475400 ms (FindLiveObjects: 0.204000 ms CreateObjectMapping: 0.040000 ms MarkObjects: 2.153900 ms  DeleteObjects: 0.076100 ms)

========================================================================
Received Import Request.
  Time since last request: 49.399771 seconds.
  path: Assets/scripts/AnimationController.cs
  artifactKey: Guid(7718cf36f2e03df49aa515e652061880) Importer(815301076,1909f56bfc062723c751e8b465ee728b)
Start importing Assets/scripts/AnimationController.cs using Guid(7718cf36f2e03df49aa515e652061880) Importer(815301076,1909f56bfc062723c751e8b465ee728b)  -> (artifact id: 'd3bc70d6deb8d7b2517cf6e047b18569') in 0.004451 seconds
  Import took 0.130174 seconds .

========================================================================
Received Import Request.
  Time since last request: 1.664174 seconds.
  path: Assets/scripts/AnimationController.cs
  artifactKey: Guid(7718cf36f2e03df49aa515e652061880) Importer(815301076,1909f56bfc062723c751e8b465ee728b)
Start importing Assets/scripts/AnimationController.cs using Guid(7718cf36f2e03df49aa515e652061880) Importer(815301076,1909f56bfc062723c751e8b465ee728b)  -> (artifact id: 'd3bc70d6deb8d7b2517cf6e047b18569') in 0.002452 seconds
  Import took 0.005266 seconds .

========================================================================
Received Prepare
Registering precompiled user dll's ...
Registered in 0.002261 seconds.
Begin MonoManager ReloadAssembly
Native extension for WindowsStandalone target not found
Refreshing native plugins compatible for Editor in 0.36 ms, found 2 plugins.
Preloading 0 native plugins for Editor in 0.00 ms.
Mono: successfully reloaded assembly
- Completed reload, in  0.881 seconds
Platform modules already initialized, skipping
Refreshing native plugins compatible for Editor in 0.35 ms, found 2 plugins.
Preloading 0 native plugins for Editor in 0.00 ms.
Unloading 1419 Unused Serialized files (Serialized files now loaded: 0)
System memory in use before: 144.1 MB.
System memory in use after: 144.2 MB.

Unloading 14 unused Assets to reduce memory usage. Loaded Objects now: 1887.
Total: 2.336000 ms (FindLiveObjects: 0.301200 ms CreateObjectMapping: 0.073500 ms MarkObjects: 1.873700 ms  DeleteObjects: 0.085500 ms)

========================================================================
Received Import Request.
  Time since last request: 28.470509 seconds.
  path: Assets/scripts/AnimationController.cs
  artifactKey: Guid(7718cf36f2e03df49aa515e652061880) Importer(815301076,1909f56bfc062723c751e8b465ee728b)
Start importing Assets/scripts/AnimationController.cs using Guid(7718cf36f2e03df49aa515e652061880) Importer(815301076,1909f56bfc062723c751e8b465ee728b)  -> (artifact id: '093bc3856418a358a0106eb63461d97d') in 0.006893 seconds
  Import took 0.122426 seconds .

========================================================================
Received Import Request.
  Time since last request: 1.676768 seconds.
  path: Assets/scripts/AnimationController.cs
  artifactKey: Guid(7718cf36f2e03df49aa515e652061880) Importer(815301076,1909f56bfc062723c751e8b465ee728b)
Start importing Assets/scripts/AnimationController.cs using Guid(7718cf36f2e03df49aa515e652061880) Importer(815301076,1909f56bfc062723c751e8b465ee728b)  -> (artifact id: '093bc3856418a358a0106eb63461d97d') in 0.002667 seconds
  Import took 0.005307 seconds .

========================================================================
Received Prepare
Registering precompiled user dll's ...
Registered in 0.002392 seconds.
Begin MonoManager ReloadAssembly
Native extension for WindowsStandalone target not found
Refreshing native plugins compatible for Editor in 0.32 ms, found 2 plugins.
Preloading 0 native plugins for Editor in 0.00 ms.
Mono: successfully reloaded assembly
- Completed reload, in  0.895 seconds
Platform modules already initialized, skipping
Refreshing native plugins compatible for Editor in 0.37 ms, found 2 plugins.
Preloading 0 native plugins for Editor in 0.00 ms.
Unloading 1419 Unused Serialized files (Serialized files now loaded: 0)
System memory in use before: 144.1 MB.
System memory in use after: 144.2 MB.

Unloading 14 unused Assets to reduce memory usage. Loaded Objects now: 1890.
Total: 2.129300 ms (FindLiveObjects: 0.234700 ms CreateObjectMapping: 0.067500 ms MarkObjects: 1.740700 ms  DeleteObjects: 0.084400 ms)

========================================================================
Received Import Request.
  Time since last request: 51.171593 seconds.
  path: Assets/scripts/AnimationController.cs
  artifactKey: Guid(7718cf36f2e03df49aa515e652061880) Importer(815301076,1909f56bfc062723c751e8b465ee728b)
Start importing Assets/scripts/AnimationController.cs using Guid(7718cf36f2e03df49aa515e652061880) Importer(815301076,1909f56bfc062723c751e8b465ee728b)  -> (artifact id: 'a34dde16c14d4d97771fa8d6646a1141') in 0.005180 seconds
  Import took 0.160509 seconds .

========================================================================
Received Import Request.
  Time since last request: 1.508188 seconds.
  path: Assets/scripts/AnimationController.cs
  artifactKey: Guid(7718cf36f2e03df49aa515e652061880) Importer(815301076,1909f56bfc062723c751e8b465ee728b)
Start importing Assets/scripts/AnimationController.cs using Guid(7718cf36f2e03df49aa515e652061880) Importer(815301076,1909f56bfc062723c751e8b465ee728b)  -> (artifact id: 'a34dde16c14d4d97771fa8d6646a1141') in 0.002920 seconds
  Import took 0.005705 seconds .

========================================================================
Received Prepare
Registering precompiled user dll's ...
Registered in 0.002426 seconds.
Begin MonoManager ReloadAssembly
Native extension for WindowsStandalone target not found
Refreshing native plugins compatible for Editor in 0.33 ms, found 2 plugins.
Preloading 0 native plugins for Editor in 0.00 ms.
Mono: successfully reloaded assembly
- Completed reload, in  0.880 seconds
Platform modules already initialized, skipping
Refreshing native plugins compatible for Editor in 0.39 ms, found 2 plugins.
Preloading 0 native plugins for Editor in 0.00 ms.
Unloading 1419 Unused Serialized files (Serialized files now loaded: 0)
System memory in use before: 144.1 MB.
System memory in use after: 144.2 MB.

Unloading 14 unused Assets to reduce memory usage. Loaded Objects now: 1893.
Total: 2.353600 ms (FindLiveObjects: 0.181500 ms CreateObjectMapping: 0.037000 ms MarkObjects: 2.053100 ms  DeleteObjects: 0.080600 ms)

========================================================================
Received Import Request.
  Time since last request: 43.235540 seconds.
  path: Assets/scripts/AnimationController.cs
  artifactKey: Guid(7718cf36f2e03df49aa515e652061880) Importer(815301076,1909f56bfc062723c751e8b465ee728b)
Start importing Assets/scripts/AnimationController.cs using Guid(7718cf36f2e03df49aa515e652061880) Importer(815301076,1909f56bfc062723c751e8b465ee728b)  -> (artifact id: '77ef734fd238c4e2f2d95785940009cf') in 0.005173 seconds
  Import took 0.118436 seconds .

========================================================================
Received Import Request.
  Time since last request: 1.483977 seconds.
  path: Assets/scripts/AnimationController.cs
  artifactKey: Guid(7718cf36f2e03df49aa515e652061880) Importer(815301076,1909f56bfc062723c751e8b465ee728b)
Start importing Assets/scripts/AnimationController.cs using Guid(7718cf36f2e03df49aa515e652061880) Importer(815301076,1909f56bfc062723c751e8b465ee728b)  -> (artifact id: '77ef734fd238c4e2f2d95785940009cf') in 0.002807 seconds
  Import took 0.005726 seconds .

========================================================================
Received Prepare
Registering precompiled user dll's ...
Registered in 0.002221 seconds.
Begin MonoManager ReloadAssembly
Native extension for WindowsStandalone target not found
Refreshing native plugins compatible for Editor in 0.37 ms, found 2 plugins.
Preloading 0 native plugins for Editor in 0.00 ms.
Mono: successfully reloaded assembly
- Completed reload, in  0.899 seconds
Platform modules already initialized, skipping
Refreshing native plugins compatible for Editor in 0.46 ms, found 2 plugins.
Preloading 0 native plugins for Editor in 0.00 ms.
Unloading 1419 Unused Serialized files (Serialized files now loaded: 0)
System memory in use before: 144.1 MB.
System memory in use after: 144.2 MB.

Unloading 14 unused Assets to reduce memory usage. Loaded Objects now: 1896.
Total: 1.915900 ms (FindLiveObjects: 0.173800 ms CreateObjectMapping: 0.037200 ms MarkObjects: 1.626500 ms  DeleteObjects: 0.076900 ms)

========================================================================
Received Import Request.
  Time since last request: 79.785974 seconds.
  path: Assets/scripts/AnimationController.cs
  artifactKey: Guid(7718cf36f2e03df49aa515e652061880) Importer(815301076,1909f56bfc062723c751e8b465ee728b)
Start importing Assets/scripts/AnimationController.cs using Guid(7718cf36f2e03df49aa515e652061880) Importer(815301076,1909f56bfc062723c751e8b465ee728b)  -> (artifact id: '11a329784e66fcfed50502282709aad8') in 0.005251 seconds
  Import took 0.007563 seconds .

========================================================================
Received Prepare
Registering precompiled user dll's ...
Registered in 0.002419 seconds.
Begin MonoManager ReloadAssembly
Native extension for WindowsStandalone target not found
Refreshing native plugins compatible for Editor in 0.37 ms, found 2 plugins.
Preloading 0 native plugins for Editor in 0.00 ms.
Mono: successfully reloaded assembly
- Completed reload, in  0.891 seconds
Platform modules already initialized, skipping
Refreshing native plugins compatible for Editor in 0.36 ms, found 2 plugins.
Preloading 0 native plugins for Editor in 0.00 ms.
Unloading 1419 Unused Serialized files (Serialized files now loaded: 0)
System memory in use before: 144.1 MB.
System memory in use after: 144.2 MB.

Unloading 14 unused Assets to reduce memory usage. Loaded Objects now: 1899.
Total: 2.203400 ms (FindLiveObjects: 0.239900 ms CreateObjectMapping: 0.067400 ms MarkObjects: 1.817700 ms  DeleteObjects: 0.076900 ms)

========================================================================
Received Prepare
Registering precompiled user dll's ...
Registered in 0.002425 seconds.
Begin MonoManager ReloadAssembly
Native extension for WindowsStandalone target not found
Refreshing native plugins compatible for Editor in 0.35 ms, found 2 plugins.
Preloading 0 native plugins for Editor in 0.00 ms.
Mono: successfully reloaded assembly
- Completed reload, in  0.866 seconds
Platform modules already initialized, skipping
Refreshing native plugins compatible for Editor in 0.36 ms, found 2 plugins.
Preloading 0 native plugins for Editor in 0.00 ms.
Unloading 1419 Unused Serialized files (Serialized files now loaded: 0)
System memory in use before: 144.1 MB.
System memory in use after: 144.2 MB.

Unloading 14 unused Assets to reduce memory usage. Loaded Objects now: 1902.
Total: 2.611000 ms (FindLiveObjects: 0.360000 ms CreateObjectMapping: 0.083800 ms MarkObjects: 2.078400 ms  DeleteObjects: 0.086100 ms)

========================================================================
Received Import Request.
  Time since last request: 121.759201 seconds.
  path: Assets/scripts/AnimationController.cs
  artifactKey: Guid(7718cf36f2e03df49aa515e652061880) Importer(815301076,1909f56bfc062723c751e8b465ee728b)
Start importing Assets/scripts/AnimationController.cs using Guid(7718cf36f2e03df49aa515e652061880) Importer(815301076,1909f56bfc062723c751e8b465ee728b)  -> (artifact id: '1e08817fd14b53ee6535c1891323cbff') in 0.004665 seconds
  Import took 0.042042 seconds .

========================================================================
Received Prepare
Registering precompiled user dll's ...
Registered in 0.002612 seconds.
Begin MonoManager ReloadAssembly
Native extension for WindowsStandalone target not found
Refreshing native plugins compatible for Editor in 0.34 ms, found 2 plugins.
Preloading 0 native plugins for Editor in 0.00 ms.
Mono: successfully reloaded assembly
- Completed reload, in  0.881 seconds
Platform modules already initialized, skipping
Refreshing native plugins compatible for Editor in 0.35 ms, found 2 plugins.
Preloading 0 native plugins for Editor in 0.00 ms.
Unloading 1419 Unused Serialized files (Serialized files now loaded: 0)
System memory in use before: 144.1 MB.
System memory in use after: 144.2 MB.

Unloading 14 unused Assets to reduce memory usage. Loaded Objects now: 1905.
Total: 2.095100 ms (FindLiveObjects: 0.241000 ms CreateObjectMapping: 0.072600 ms MarkObjects: 1.653900 ms  DeleteObjects: 0.125800 ms)

========================================================================
Received Import Request.
  Time since last request: 27.556471 seconds.
  path: Assets/scripts/AnimationController.cs
  artifactKey: Guid(7718cf36f2e03df49aa515e652061880) Importer(815301076,1909f56bfc062723c751e8b465ee728b)
Start importing Assets/scripts/AnimationController.cs using Guid(7718cf36f2e03df49aa515e652061880) Importer(815301076,1909f56bfc062723c751e8b465ee728b)  -> (artifact id: '7b62093f19c0c83f8501156115d11dcb') in 0.006521 seconds
  Import took 0.193826 seconds .

========================================================================
Received Import Request.
  Time since last request: 1.356214 seconds.
  path: Assets/scripts/AnimationController.cs
  artifactKey: Guid(7718cf36f2e03df49aa515e652061880) Importer(815301076,1909f56bfc062723c751e8b465ee728b)
Start importing Assets/scripts/AnimationController.cs using Guid(7718cf36f2e03df49aa515e652061880) Importer(815301076,1909f56bfc062723c751e8b465ee728b)  -> (artifact id: '7b62093f19c0c83f8501156115d11dcb') in 0.002448 seconds
  Import took 0.005093 seconds .

========================================================================
Received Prepare
Registering precompiled user dll's ...
Registered in 0.002112 seconds.
Begin MonoManager ReloadAssembly
Native extension for WindowsStandalone target not found
Refreshing native plugins compatible for Editor in 0.33 ms, found 2 plugins.
Preloading 0 native plugins for Editor in 0.00 ms.
Mono: successfully reloaded assembly
- Completed reload, in  0.857 seconds
Platform modules already initialized, skipping
Refreshing native plugins compatible for Editor in 0.33 ms, found 2 plugins.
Preloading 0 native plugins for Editor in 0.00 ms.
Unloading 1419 Unused Serialized files (Serialized files now loaded: 0)
System memory in use before: 144.2 MB.
System memory in use after: 144.2 MB.

Unloading 14 unused Assets to reduce memory usage. Loaded Objects now: 1908.
Total: 2.264700 ms (FindLiveObjects: 0.259400 ms CreateObjectMapping: 0.066900 ms MarkObjects: 1.855900 ms  DeleteObjects: 0.080400 ms)

========================================================================
Received Import Request.
  Time since last request: 64.867958 seconds.
  path: Assets/scripts/AnimationController.cs
  artifactKey: Guid(7718cf36f2e03df49aa515e652061880) Importer(815301076,1909f56bfc062723c751e8b465ee728b)
Start importing Assets/scripts/AnimationController.cs using Guid(7718cf36f2e03df49aa515e652061880) Importer(815301076,1909f56bfc062723c751e8b465ee728b)  -> (artifact id: '2d0afd5c9b1b0566ec2594e0d52307fa') in 0.004889 seconds
  Import took 0.145991 seconds .

========================================================================
Received Prepare
Registering precompiled user dll's ...
Registered in 0.002503 seconds.
Begin MonoManager ReloadAssembly
Native extension for WindowsStandalone target not found
Refreshing native plugins compatible for Editor in 0.40 ms, found 2 plugins.
Preloading 0 native plugins for Editor in 0.00 ms.
Mono: successfully reloaded assembly
- Completed reload, in  0.918 seconds
Platform modules already initialized, skipping
Refreshing native plugins compatible for Editor in 0.33 ms, found 2 plugins.
Preloading 0 native plugins for Editor in 0.00 ms.
Unloading 1419 Unused Serialized files (Serialized files now loaded: 0)
System memory in use before: 144.2 MB.
System memory in use after: 144.2 MB.

Unloading 14 unused Assets to reduce memory usage. Loaded Objects now: 1911.
Total: 2.580500 ms (FindLiveObjects: 0.216900 ms CreateObjectMapping: 0.040200 ms MarkObjects: 2.241800 ms  DeleteObjects: 0.079300 ms)

========================================================================
Received Import Request.
  Time since last request: 589.608960 seconds.
  path: Assets/scripts/AnimationController.cs
  artifactKey: Guid(7718cf36f2e03df49aa515e652061880) Importer(815301076,1909f56bfc062723c751e8b465ee728b)
Start importing Assets/scripts/AnimationController.cs using Guid(7718cf36f2e03df49aa515e652061880) Importer(815301076,1909f56bfc062723c751e8b465ee728b)  -> (artifact id: '8fcb4bf124fcf7b4c12308f55bc37c7b') in 0.006212 seconds
  Import took 0.082625 seconds .

========================================================================
Received Prepare
Registering precompiled user dll's ...
Registered in 0.002182 seconds.
Begin MonoManager ReloadAssembly
Native extension for WindowsStandalone target not found
Refreshing native plugins compatible for Editor in 0.36 ms, found 2 plugins.
Preloading 0 native plugins for Editor in 0.00 ms.
Mono: successfully reloaded assembly
- Completed reload, in  0.877 seconds
Platform modules already initialized, skipping
Refreshing native plugins compatible for Editor in 0.37 ms, found 2 plugins.
Preloading 0 native plugins for Editor in 0.00 ms.
Unloading 1419 Unused Serialized files (Serialized files now loaded: 0)
System memory in use before: 144.2 MB.
System memory in use after: 144.2 MB.

Unloading 14 unused Assets to reduce memory usage. Loaded Objects now: 1914.
Total: 3.096200 ms (FindLiveObjects: 0.304000 ms CreateObjectMapping: 0.075400 ms MarkObjects: 2.597400 ms  DeleteObjects: 0.116400 ms)

========================================================================
Received Import Request.
  Time since last request: 40.625631 seconds.
  path: Assets/scripts/AnimationController.cs
  artifactKey: Guid(7718cf36f2e03df49aa515e652061880) Importer(815301076,1909f56bfc062723c751e8b465ee728b)
Start importing Assets/scripts/AnimationController.cs using Guid(7718cf36f2e03df49aa515e652061880) Importer(815301076,1909f56bfc062723c751e8b465ee728b)  -> (artifact id: 'b9dd5de2b95f148a74ea7a0147cc6156') in 0.006855 seconds
  Import took 0.096249 seconds .

========================================================================
Received Import Request.
  Time since last request: 1.742118 seconds.
  path: Assets/scripts/AnimationController.cs
  artifactKey: Guid(7718cf36f2e03df49aa515e652061880) Importer(815301076,1909f56bfc062723c751e8b465ee728b)
Start importing Assets/scripts/AnimationController.cs using Guid(7718cf36f2e03df49aa515e652061880) Importer(815301076,1909f56bfc062723c751e8b465ee728b)  -> (artifact id: 'b9dd5de2b95f148a74ea7a0147cc6156') in 0.002233 seconds
  Import took 0.004965 seconds .

========================================================================
Received Prepare
Registering precompiled user dll's ...
Registered in 0.002170 seconds.
Begin MonoManager ReloadAssembly
Native extension for WindowsStandalone target not found
Refreshing native plugins compatible for Editor in 0.76 ms, found 2 plugins.
Preloading 0 native plugins for Editor in 0.00 ms.
Mono: successfully reloaded assembly
- Completed reload, in  1.000 seconds
Platform modules already initialized, skipping
Refreshing native plugins compatible for Editor in 0.35 ms, found 2 plugins.
Preloading 0 native plugins for Editor in 0.00 ms.
Unloading 1419 Unused Serialized files (Serialized files now loaded: 0)
System memory in use before: 144.2 MB.
System memory in use after: 144.3 MB.

Unloading 14 unused Assets to reduce memory usage. Loaded Objects now: 1917.
Total: 2.539100 ms (FindLiveObjects: 0.186600 ms CreateObjectMapping: 0.039200 ms MarkObjects: 2.218800 ms  DeleteObjects: 0.092600 ms)

========================================================================
Received Import Request.
  Time since last request: 312.362388 seconds.
  path: Assets/scripts/AnimationController.cs
  artifactKey: Guid(7718cf36f2e03df49aa515e652061880) Importer(815301076,1909f56bfc062723c751e8b465ee728b)
Start importing Assets/scripts/AnimationController.cs using Guid(7718cf36f2e03df49aa515e652061880) Importer(815301076,1909f56bfc062723c751e8b465ee728b)  -> (artifact id: '53668f4e5930b5300e5705cdd9b55ad3') in 0.007208 seconds
  Import took 0.188111 seconds .

========================================================================
Received Prepare
Registering precompiled user dll's ...
Registered in 0.002315 seconds.
Begin MonoManager ReloadAssembly
Native extension for WindowsStandalone target not found
Refreshing native plugins compatible for Editor in 0.35 ms, found 2 plugins.
Preloading 0 native plugins for Editor in 0.00 ms.
Mono: successfully reloaded assembly
- Completed reload, in  0.883 seconds
Platform modules already initialized, skipping
Refreshing native plugins compatible for Editor in 0.32 ms, found 2 plugins.
Preloading 0 native plugins for Editor in 0.00 ms.
Unloading 1419 Unused Serialized files (Serialized files now loaded: 0)
System memory in use before: 144.2 MB.
System memory in use after: 144.3 MB.

Unloading 14 unused Assets to reduce memory usage. Loaded Objects now: 1920.
Total: 2.036100 ms (FindLiveObjects: 0.190700 ms CreateObjectMapping: 0.038700 ms MarkObjects: 1.716200 ms  DeleteObjects: 0.089000 ms)

========================================================================
Received Import Request.
  Time since last request: 75.263359 seconds.
  path: Assets/scripts/AnimationController.cs
  artifactKey: Guid(7718cf36f2e03df49aa515e652061880) Importer(815301076,1909f56bfc062723c751e8b465ee728b)
Start importing Assets/scripts/AnimationController.cs using Guid(7718cf36f2e03df49aa515e652061880) Importer(815301076,1909f56bfc062723c751e8b465ee728b)  -> (artifact id: '349ee5a59b3b21a26cebc363e45fc617') in 0.005200 seconds
  Import took 0.059430 seconds .

========================================================================
Received Prepare
Registering precompiled user dll's ...
Registered in 0.002497 seconds.
Begin MonoManager ReloadAssembly
Native extension for WindowsStandalone target not found
Refreshing native plugins compatible for Editor in 0.43 ms, found 2 plugins.
Preloading 0 native plugins for Editor in 0.00 ms.
Mono: successfully reloaded assembly
- Completed reload, in  0.870 seconds
Platform modules already initialized, skipping
Refreshing native plugins compatible for Editor in 0.33 ms, found 2 plugins.
Preloading 0 native plugins for Editor in 0.00 ms.
Unloading 1419 Unused Serialized files (Serialized files now loaded: 0)
System memory in use before: 144.2 MB.
System memory in use after: 144.3 MB.

Unloading 14 unused Assets to reduce memory usage. Loaded Objects now: 1923.
Total: 2.423100 ms (FindLiveObjects: 0.176800 ms CreateObjectMapping: 0.039800 ms MarkObjects: 2.128200 ms  DeleteObjects: 0.076500 ms)

========================================================================
Received Import Request.
  Time since last request: 10.654164 seconds.
  path: Assets/scripts/AnimationController.cs
  artifactKey: Guid(7718cf36f2e03df49aa515e652061880) Importer(815301076,1909f56bfc062723c751e8b465ee728b)
Start importing Assets/scripts/AnimationController.cs using Guid(7718cf36f2e03df49aa515e652061880) Importer(815301076,1909f56bfc062723c751e8b465ee728b)  -> (artifact id: 'd56d38993765b6386fd5f15d83b3dc9f') in 0.004385 seconds
  Import took 0.070278 seconds .

========================================================================
Received Import Request.
  Time since last request: 1.742722 seconds.
  path: Assets/scripts/AnimationController.cs
  artifactKey: Guid(7718cf36f2e03df49aa515e652061880) Importer(815301076,1909f56bfc062723c751e8b465ee728b)
Start importing Assets/scripts/AnimationController.cs using Guid(7718cf36f2e03df49aa515e652061880) Importer(815301076,1909f56bfc062723c751e8b465ee728b)  -> (artifact id: 'd56d38993765b6386fd5f15d83b3dc9f') in 0.002718 seconds
  Import took 0.005619 seconds .

========================================================================
Received Prepare
Registering precompiled user dll's ...
Registered in 0.002152 seconds.
Begin MonoManager ReloadAssembly
Native extension for WindowsStandalone target not found
Refreshing native plugins compatible for Editor in 0.37 ms, found 2 plugins.
Preloading 0 native plugins for Editor in 0.00 ms.
Mono: successfully reloaded assembly
- Completed reload, in  0.867 seconds
Platform modules already initialized, skipping
Refreshing native plugins compatible for Editor in 0.33 ms, found 2 plugins.
Preloading 0 native plugins for Editor in 0.00 ms.
Unloading 1419 Unused Serialized files (Serialized files now loaded: 0)
System memory in use before: 144.2 MB.
System memory in use after: 144.3 MB.

Unloading 14 unused Assets to reduce memory usage. Loaded Objects now: 1926.
Total: 2.236700 ms (FindLiveObjects: 0.301900 ms CreateObjectMapping: 0.070400 ms MarkObjects: 1.785900 ms  DeleteObjects: 0.076700 ms)

========================================================================
Received Import Request.
  Time since last request: 105.433906 seconds.
  path: Assets/scripts/AnimationController.cs
  artifactKey: Guid(7718cf36f2e03df49aa515e652061880) Importer(815301076,1909f56bfc062723c751e8b465ee728b)
Start importing Assets/scripts/AnimationController.cs using Guid(7718cf36f2e03df49aa515e652061880) Importer(815301076,1909f56bfc062723c751e8b465ee728b)  -> (artifact id: '046af1f2d90bf5f65157d1e85c7c3708') in 0.004384 seconds
  Import took 0.116462 seconds .

========================================================================
Received Import Request.
  Time since last request: 1.707054 seconds.
  path: Assets/scripts/AnimationController.cs
  artifactKey: Guid(7718cf36f2e03df49aa515e652061880) Importer(815301076,1909f56bfc062723c751e8b465ee728b)
Start importing Assets/scripts/AnimationController.cs using Guid(7718cf36f2e03df49aa515e652061880) Importer(815301076,1909f56bfc062723c751e8b465ee728b)  -> (artifact id: '046af1f2d90bf5f65157d1e85c7c3708') in 0.002551 seconds
  Import took 0.004997 seconds .

========================================================================
Received Prepare
Registering precompiled user dll's ...
Registered in 0.002168 seconds.
Begin MonoManager ReloadAssembly
Native extension for WindowsStandalone target not found
Refreshing native plugins compatible for Editor in 0.35 ms, found 2 plugins.
Preloading 0 native plugins for Editor in 0.00 ms.
Mono: successfully reloaded assembly
- Completed reload, in  0.902 seconds
Platform modules already initialized, skipping
Refreshing native plugins compatible for Editor in 0.34 ms, found 2 plugins.
Preloading 0 native plugins for Editor in 0.00 ms.
Unloading 1419 Unused Serialized files (Serialized files now loaded: 0)
System memory in use before: 144.2 MB.
System memory in use after: 144.3 MB.

Unloading 14 unused Assets to reduce memory usage. Loaded Objects now: 1929.
Total: 2.672400 ms (FindLiveObjects: 0.271300 ms CreateObjectMapping: 0.072900 ms MarkObjects: 2.246500 ms  DeleteObjects: 0.079600 ms)

========================================================================
Received Import Request.
  Time since last request: 111.420270 seconds.
  path: Assets/scripts/AnimationController.cs
  artifactKey: Guid(7718cf36f2e03df49aa515e652061880) Importer(815301076,1909f56bfc062723c751e8b465ee728b)
Start importing Assets/scripts/AnimationController.cs using Guid(7718cf36f2e03df49aa515e652061880) Importer(815301076,1909f56bfc062723c751e8b465ee728b)  -> (artifact id: '718adb2d1b2c082843702649defe06f4') in 0.005450 seconds
  Import took 0.035916 seconds .

========================================================================
Received Prepare
Registering precompiled user dll's ...
Registered in 0.002309 seconds.
Begin MonoManager ReloadAssembly
Native extension for WindowsStandalone target not found
Refreshing native plugins compatible for Editor in 0.35 ms, found 2 plugins.
Preloading 0 native plugins for Editor in 0.00 ms.
Mono: successfully reloaded assembly
- Completed reload, in  0.903 seconds
Platform modules already initialized, skipping
Refreshing native plugins compatible for Editor in 0.44 ms, found 2 plugins.
Preloading 0 native plugins for Editor in 0.00 ms.
Unloading 1419 Unused Serialized files (Serialized files now loaded: 0)
System memory in use before: 144.2 MB.
System memory in use after: 144.3 MB.

Unloading 14 unused Assets to reduce memory usage. Loaded Objects now: 1932.
Total: 1.895600 ms (FindLiveObjects: 0.181000 ms CreateObjectMapping: 0.038100 ms MarkObjects: 1.599100 ms  DeleteObjects: 0.075600 ms)

========================================================================
Received Prepare
Registering precompiled user dll's ...
Registered in 0.002055 seconds.
Begin MonoManager ReloadAssembly
Native extension for WindowsStandalone target not found
Refreshing native plugins compatible for Editor in 0.32 ms, found 2 plugins.
Preloading 0 native plugins for Editor in 0.00 ms.
Mono: successfully reloaded assembly
- Completed reload, in  0.912 seconds
Platform modules already initialized, skipping
Refreshing native plugins compatible for Editor in 0.33 ms, found 2 plugins.
Preloading 0 native plugins for Editor in 0.00 ms.
Unloading 1419 Unused Serialized files (Serialized files now loaded: 0)
System memory in use before: 144.2 MB.
System memory in use after: 144.3 MB.

Unloading 14 unused Assets to reduce memory usage. Loaded Objects now: 1935.
Total: 3.710600 ms (FindLiveObjects: 0.226500 ms CreateObjectMapping: 0.069400 ms MarkObjects: 3.249200 ms  DeleteObjects: 0.163400 ms)

========================================================================
Received Prepare
Registering precompiled user dll's ...
Registered in 0.002089 seconds.
Begin MonoManager ReloadAssembly
Native extension for WindowsStandalone target not found
Refreshing native plugins compatible for Editor in 0.45 ms, found 2 plugins.
Preloading 0 native plugins for Editor in 0.00 ms.
Mono: successfully reloaded assembly
- Completed reload, in  0.860 seconds
Platform modules already initialized, skipping
Refreshing native plugins compatible for Editor in 0.39 ms, found 2 plugins.
Preloading 0 native plugins for Editor in 0.00 ms.
Unloading 1419 Unused Serialized files (Serialized files now loaded: 0)
System memory in use before: 144.2 MB.
System memory in use after: 144.3 MB.

Unloading 14 unused Assets to reduce memory usage. Loaded Objects now: 1938.
Total: 2.460200 ms (FindLiveObjects: 0.284700 ms CreateObjectMapping: 0.070600 ms MarkObjects: 2.004000 ms  DeleteObjects: 0.098600 ms)

========================================================================
Received Prepare
Registering precompiled user dll's ...
Registered in 0.003080 seconds.
Begin MonoManager ReloadAssembly
Native extension for WindowsStandalone target not found
Refreshing native plugins compatible for Editor in 0.39 ms, found 2 plugins.
Preloading 0 native plugins for Editor in 0.00 ms.
Mono: successfully reloaded assembly
- Completed reload, in  0.907 seconds
Platform modules already initialized, skipping
Refreshing native plugins compatible for Editor in 0.33 ms, found 2 plugins.
Preloading 0 native plugins for Editor in 0.00 ms.
Unloading 1419 Unused Serialized files (Serialized files now loaded: 0)
System memory in use before: 144.2 MB.
System memory in use after: 144.3 MB.

Unloading 14 unused Assets to reduce memory usage. Loaded Objects now: 1941.
Total: 3.514300 ms (FindLiveObjects: 0.418800 ms CreateObjectMapping: 0.051600 ms MarkObjects: 2.905700 ms  DeleteObjects: 0.135400 ms)

========================================================================
Received Prepare
Registering precompiled user dll's ...
Registered in 0.002049 seconds.
Begin MonoManager ReloadAssembly
Native extension for WindowsStandalone target not found
Refreshing native plugins compatible for Editor in 0.34 ms, found 2 plugins.
Preloading 0 native plugins for Editor in 0.00 ms.
Mono: successfully reloaded assembly
- Completed reload, in  0.875 seconds
Platform modules already initialized, skipping
Refreshing native plugins compatible for Editor in 0.39 ms, found 2 plugins.
Preloading 0 native plugins for Editor in 0.00 ms.
Unloading 1419 Unused Serialized files (Serialized files now loaded: 0)
System memory in use before: 144.2 MB.
System memory in use after: 144.3 MB.

Unloading 14 unused Assets to reduce memory usage. Loaded Objects now: 1944.
Total: 2.576300 ms (FindLiveObjects: 0.224000 ms CreateObjectMapping: 0.067200 ms MarkObjects: 2.202000 ms  DeleteObjects: 0.081400 ms)

========================================================================
Received Import Request.
  Time since last request: 431.348838 seconds.
  path: Assets/scripts/AnimationController.cs
  artifactKey: Guid(7718cf36f2e03df49aa515e652061880) Importer(815301076,1909f56bfc062723c751e8b465ee728b)
Start importing Assets/scripts/AnimationController.cs using Guid(7718cf36f2e03df49aa515e652061880) Importer(815301076,1909f56bfc062723c751e8b465ee728b)  -> (artifact id: '7a6cff953016c77c80e2eb3d85a83987') in 0.005479 seconds
  Import took 0.154469 seconds .

========================================================================
Received Prepare
Registering precompiled user dll's ...
Registered in 0.002184 seconds.
Begin MonoManager ReloadAssembly
Native extension for WindowsStandalone target not found
Refreshing native plugins compatible for Editor in 0.35 ms, found 2 plugins.
Preloading 0 native plugins for Editor in 0.00 ms.
Mono: successfully reloaded assembly
- Completed reload, in  0.944 seconds
Platform modules already initialized, skipping
Refreshing native plugins compatible for Editor in 0.36 ms, found 2 plugins.
Preloading 0 native plugins for Editor in 0.00 ms.
Unloading 1419 Unused Serialized files (Serialized files now loaded: 0)
System memory in use before: 144.2 MB.
System memory in use after: 144.3 MB.

Unloading 14 unused Assets to reduce memory usage. Loaded Objects now: 1947.
Total: 2.569800 ms (FindLiveObjects: 0.190600 ms CreateObjectMapping: 0.039500 ms MarkObjects: 2.263300 ms  DeleteObjects: 0.074600 ms)

========================================================================
Received Prepare
Registering precompiled user dll's ...
Registered in 0.002854 seconds.
Begin MonoManager ReloadAssembly
Native extension for WindowsStandalone target not found
Refreshing native plugins compatible for Editor in 0.37 ms, found 2 plugins.
Preloading 0 native plugins for Editor in 0.00 ms.
Mono: successfully reloaded assembly
- Completed reload, in  0.871 seconds
Platform modules already initialized, skipping
Refreshing native plugins compatible for Editor in 0.38 ms, found 2 plugins.
Preloading 0 native plugins for Editor in 0.00 ms.
Unloading 1419 Unused Serialized files (Serialized files now loaded: 0)
System memory in use before: 144.2 MB.
System memory in use after: 144.3 MB.

Unloading 14 unused Assets to reduce memory usage. Loaded Objects now: 1950.
Total: 2.198400 ms (FindLiveObjects: 0.230700 ms CreateObjectMapping: 0.073600 ms MarkObjects: 1.808300 ms  DeleteObjects: 0.084100 ms)

========================================================================
Received Prepare
Registering precompiled user dll's ...
Registered in 0.002313 seconds.
Begin MonoManager ReloadAssembly
Native extension for WindowsStandalone target not found
Refreshing native plugins compatible for Editor in 0.57 ms, found 2 plugins.
Preloading 0 native plugins for Editor in 0.00 ms.
Mono: successfully reloaded assembly
- Completed reload, in  0.922 seconds
Platform modules already initialized, skipping
Refreshing native plugins compatible for Editor in 0.37 ms, found 2 plugins.
Preloading 0 native plugins for Editor in 0.00 ms.
Unloading 1419 Unused Serialized files (Serialized files now loaded: 0)
System memory in use before: 144.2 MB.
System memory in use after: 144.3 MB.

Unloading 14 unused Assets to reduce memory usage. Loaded Objects now: 1953.
Total: 3.119400 ms (FindLiveObjects: 0.240100 ms CreateObjectMapping: 0.039500 ms MarkObjects: 2.736500 ms  DeleteObjects: 0.100900 ms)

========================================================================
Received Prepare
Registering precompiled user dll's ...
Registered in 0.002465 seconds.
Begin MonoManager ReloadAssembly
Native extension for WindowsStandalone target not found
Refreshing native plugins compatible for Editor in 0.34 ms, found 2 plugins.
Preloading 0 native plugins for Editor in 0.00 ms.
Mono: successfully reloaded assembly
- Completed reload, in  0.870 seconds
Platform modules already initialized, skipping
Refreshing native plugins compatible for Editor in 0.50 ms, found 2 plugins.
Preloading 0 native plugins for Editor in 0.00 ms.
Unloading 1419 Unused Serialized files (Serialized files now loaded: 0)
System memory in use before: 144.2 MB.
System memory in use after: 144.3 MB.

Unloading 14 unused Assets to reduce memory usage. Loaded Objects now: 1956.
Total: 2.184400 ms (FindLiveObjects: 0.181400 ms CreateObjectMapping: 0.038000 ms MarkObjects: 1.883900 ms  DeleteObjects: 0.079600 ms)

========================================================================
Received Prepare
Registering precompiled user dll's ...
Registered in 0.002153 seconds.
Begin MonoManager ReloadAssembly
Native extension for WindowsStandalone target not found
Refreshing native plugins compatible for Editor in 0.40 ms, found 2 plugins.
Preloading 0 native plugins for Editor in 0.00 ms.
Mono: successfully reloaded assembly
- Completed reload, in  0.877 seconds
Platform modules already initialized, skipping
Refreshing native plugins compatible for Editor in 0.42 ms, found 2 plugins.
Preloading 0 native plugins for Editor in 0.00 ms.
Unloading 1419 Unused Serialized files (Serialized files now loaded: 0)
System memory in use before: 144.3 MB.
System memory in use after: 144.3 MB.

Unloading 14 unused Assets to reduce memory usage. Loaded Objects now: 1959.
Total: 2.599400 ms (FindLiveObjects: 0.276700 ms CreateObjectMapping: 0.073300 ms MarkObjects: 2.162300 ms  DeleteObjects: 0.084000 ms)

========================================================================
Received Prepare
Registering precompiled user dll's ...
Registered in 0.002223 seconds.
Begin MonoManager ReloadAssembly
Native extension for WindowsStandalone target not found
Refreshing native plugins compatible for Editor in 0.39 ms, found 2 plugins.
Preloading 0 native plugins for Editor in 0.00 ms.
Mono: successfully reloaded assembly
- Completed reload, in  0.904 seconds
Platform modules already initialized, skipping
Refreshing native plugins compatible for Editor in 0.55 ms, found 2 plugins.
Preloading 0 native plugins for Editor in 0.00 ms.
Unloading 1419 Unused Serialized files (Serialized files now loaded: 0)
System memory in use before: 144.3 MB.
System memory in use after: 144.3 MB.

Unloading 14 unused Assets to reduce memory usage. Loaded Objects now: 1962.
Total: 2.275500 ms (FindLiveObjects: 0.196900 ms CreateObjectMapping: 0.040000 ms MarkObjects: 1.959600 ms  DeleteObjects: 0.077400 ms)

========================================================================
Received Prepare
Registering precompiled user dll's ...
Registered in 0.002566 seconds.
Begin MonoManager ReloadAssembly
Native extension for WindowsStandalone target not found
Refreshing native plugins compatible for Editor in 0.35 ms, found 2 plugins.
Preloading 0 native plugins for Editor in 0.00 ms.
Mono: successfully reloaded assembly
- Completed reload, in  0.922 seconds
Platform modules already initialized, skipping
Refreshing native plugins compatible for Editor in 0.34 ms, found 2 plugins.
Preloading 0 native plugins for Editor in 0.00 ms.
Unloading 1419 Unused Serialized files (Serialized files now loaded: 0)
System memory in use before: 144.3 MB.
System memory in use after: 144.3 MB.

Unloading 14 unused Assets to reduce memory usage. Loaded Objects now: 1965.
Total: 2.864600 ms (FindLiveObjects: 0.206100 ms CreateObjectMapping: 0.041000 ms MarkObjects: 2.488300 ms  DeleteObjects: 0.126700 ms)

========================================================================
Received Import Request.
  Time since last request: 975.677042 seconds.
  path: Assets/scripts/AnimationController.cs
  artifactKey: Guid(7718cf36f2e03df49aa515e652061880) Importer(815301076,1909f56bfc062723c751e8b465ee728b)
Start importing Assets/scripts/AnimationController.cs using Guid(7718cf36f2e03df49aa515e652061880) Importer(815301076,1909f56bfc062723c751e8b465ee728b)  -> (artifact id: 'ec18eb2ac7b6665ad9cabec0988dab47') in 0.006161 seconds
  Import took 0.392997 seconds .

========================================================================
Received Prepare
Registering precompiled user dll's ...
Registered in 0.002182 seconds.
Begin MonoManager ReloadAssembly
Native extension for WindowsStandalone target not found
Refreshing native plugins compatible for Editor in 0.40 ms, found 2 plugins.
Preloading 0 native plugins for Editor in 0.00 ms.
Mono: successfully reloaded assembly
- Completed reload, in  0.898 seconds
Platform modules already initialized, skipping
Refreshing native plugins compatible for Editor in 0.36 ms, found 2 plugins.
Preloading 0 native plugins for Editor in 0.00 ms.
Unloading 1419 Unused Serialized files (Serialized files now loaded: 0)
System memory in use before: 144.3 MB.
System memory in use after: 144.3 MB.

Unloading 14 unused Assets to reduce memory usage. Loaded Objects now: 1968.
Total: 2.264700 ms (FindLiveObjects: 0.224900 ms CreateObjectMapping: 0.069300 ms MarkObjects: 1.886300 ms  DeleteObjects: 0.082700 ms)

AssetImportWorkerClient::OnTransportError - code=2 error=End of file
